14:10:51 DEBUG : Logs will be stored at 'C:/Users/dasan/Desktop/ECE385FinalProject/celeste_fpga_vitis/IDE.log'.
14:10:54 INFO  : Platform repository initialization has completed.
14:10:54 INFO  : Launching XSCT server: xsct.bat -n  -interactive C:\Users\dasan\Desktop\ECE385FinalProject\celeste_fpga_vitis\temp_xsdb_launch_script.tcl
14:10:54 INFO  : Registering command handlers for Vitis TCF services
14:10:56 INFO  : XSCT server has started successfully.
14:10:56 INFO  : plnx-install-location is set to ''
14:10:56 INFO  : Successfully done setting XSCT server connection channel  
14:10:56 INFO  : Successfully done query RDI_DATADIR 
14:10:56 INFO  : Successfully done setting workspace for the tool. 
14:11:39 INFO  : Result from executing command 'getProjects': mb_usb_hdmi_top
14:11:39 INFO  : Result from executing command 'getPlatforms': 
14:11:39 WARN  : An unexpected exception occurred in the module 'platform project logging'
14:11:39 INFO  : Platform 'mb_usb_hdmi_top' is added to custom repositories.
14:11:40 INFO  : Platform 'mb_usb_hdmi_top' is added to custom repositories.
14:13:54 INFO  : Result from executing command 'getProjects': mb_usb_hdmi_top
14:13:54 INFO  : Result from executing command 'getPlatforms': mb_usb_hdmi_top|C:/Users/dasan/Desktop/ECE385FinalProject/celeste_fpga_vitis/mb_usb_hdmi_top/export/mb_usb_hdmi_top/mb_usb_hdmi_top.xpfm
14:13:54 INFO  : Checking for BSP changes to sync application flags for project 'celeste_fpga'...
14:14:10 INFO  : Connected to target on host '127.0.0.1' and port '3121'.
14:14:10 INFO  : Jtag cable 'RealDigital Boo 887429230166A' is selected.
14:14:10 INFO  : 'jtag frequency' command is executed.
14:14:10 INFO  : 'targets -set -filter {jtag_cable_name =~ "RealDigital Boo 887429230166A" && level==0 && jtag_device_ctx=="jsn1-0362f093-0"}' command is executed.
14:14:12 INFO  : Device configured successfully with "C:/Users/dasan/Desktop/ECE385FinalProject/celeste_fpga_vitis/celeste_fpga/_ide/bitstream/mb_usb_hdmi_top.bit"
14:14:12 INFO  : Context for processor 'microblaze_0' is selected.
14:14:12 INFO  : Hardware design and registers information is loaded from 'C:/Users/dasan/Desktop/ECE385FinalProject/celeste_fpga_vitis/mb_usb_hdmi_top/export/mb_usb_hdmi_top/hw/mb_usb_hdmi_top.xsa'.
14:14:12 INFO  : 'configparams mdm-detect-bscan-mask 2' command is executed.
14:14:12 INFO  : Context for processor 'microblaze_0' is selected.
14:14:12 INFO  : System reset is completed.
14:14:15 INFO  : 'after 3000' command is executed.
14:14:15 INFO  : Context for processor 'microblaze_0' is selected.
14:14:15 INFO  : The application 'C:/Users/dasan/Desktop/ECE385FinalProject/celeste_fpga_vitis/celeste_fpga/Debug/celeste_fpga.elf' is downloaded to processor 'microblaze_0'.
14:14:15 INFO  : ----------------XSDB Script----------------
connect -url tcp:127.0.0.1:3121
targets -set -filter {jtag_cable_name =~ "RealDigital Boo 887429230166A" && level==0 && jtag_device_ctx=="jsn1-0362f093-0"}
fpga -file C:/Users/dasan/Desktop/ECE385FinalProject/celeste_fpga_vitis/celeste_fpga/_ide/bitstream/mb_usb_hdmi_top.bit
targets -set -nocase -filter {name =~ "*microblaze*#0" && bscan=="USER2" }
loadhw -hw C:/Users/dasan/Desktop/ECE385FinalProject/celeste_fpga_vitis/mb_usb_hdmi_top/export/mb_usb_hdmi_top/hw/mb_usb_hdmi_top.xsa -regs
configparams mdm-detect-bscan-mask 2
targets -set -nocase -filter {name =~ "*microblaze*#0" && bscan=="USER2" }
rst -system
after 3000
targets -set -nocase -filter {name =~ "*microblaze*#0" && bscan=="USER2" }
dow C:/Users/dasan/Desktop/ECE385FinalProject/celeste_fpga_vitis/celeste_fpga/Debug/celeste_fpga.elf
----------------End of Script----------------

14:14:15 INFO  : Context for processor 'microblaze_0' is selected.
14:14:15 INFO  : 'con' command is executed.
14:14:15 INFO  : ----------------XSDB Script (After Launch)----------------
targets -set -nocase -filter {name =~ "*microblaze*#0" && bscan=="USER2" }
con
----------------End of Script----------------

14:14:15 INFO  : Disconnected from the channel tcfchan#2.
14:27:16 INFO  : Hardware specification for platform project 'mb_usb_hdmi_top' is updated.
14:27:26 INFO  : Result from executing command 'getProjects': mb_usb_hdmi_top
14:27:26 INFO  : Result from executing command 'getPlatforms': mb_usb_hdmi_top|C:/Users/dasan/Desktop/ECE385FinalProject/celeste_fpga_vitis/mb_usb_hdmi_top/export/mb_usb_hdmi_top/mb_usb_hdmi_top.xpfm
14:27:26 INFO  : Checking for BSP changes to sync application flags for project 'celeste_fpga'...
14:27:29 INFO  : The hardware specification used by project 'celeste_fpga' is out of sync with the platform. Resource files extracted from the hardware specification will be updated.
14:27:29 INFO  : The file 'C:\Users\dasan\Desktop\ECE385FinalProject\celeste_fpga_vitis\celeste_fpga\_ide\bitstream\mb_usb_hdmi_top.bit' stored in project is removed.
14:27:29 INFO  : The file 'C:\Users\dasan\Desktop\ECE385FinalProject\celeste_fpga_vitis\celeste_fpga\_ide\bitstream\mb_usb_hdmi_top.mmi' stored in project is removed.
14:27:29 INFO  : The updated bitstream files are copied from platform to folder 'C:\Users\dasan\Desktop\ECE385FinalProject\celeste_fpga_vitis\celeste_fpga\_ide\bitstream' in project 'celeste_fpga'.
14:27:48 INFO  : Connected to target on host '127.0.0.1' and port '3121'.
14:27:48 INFO  : Jtag cable 'RealDigital Boo 887429230166A' is selected.
14:27:48 INFO  : 'jtag frequency' command is executed.
14:27:49 INFO  : 'targets -set -filter {jtag_cable_name =~ "RealDigital Boo 887429230166A" && level==0 && jtag_device_ctx=="jsn1-0362f093-0"}' command is executed.
14:27:50 INFO  : Device configured successfully with "C:/Users/dasan/Desktop/ECE385FinalProject/celeste_fpga_vitis/celeste_fpga/_ide/bitstream/mb_usb_hdmi_top.bit"
14:27:50 INFO  : Context for processor 'microblaze_0' is selected.
14:27:50 INFO  : Hardware design and registers information is loaded from 'C:/Users/dasan/Desktop/ECE385FinalProject/celeste_fpga_vitis/mb_usb_hdmi_top/export/mb_usb_hdmi_top/hw/mb_usb_hdmi_top.xsa'.
14:27:50 INFO  : 'configparams mdm-detect-bscan-mask 2' command is executed.
14:27:50 INFO  : Context for processor 'microblaze_0' is selected.
14:27:50 INFO  : System reset is completed.
14:27:53 INFO  : 'after 3000' command is executed.
14:27:53 INFO  : Context for processor 'microblaze_0' is selected.
14:27:53 INFO  : The application 'C:/Users/dasan/Desktop/ECE385FinalProject/celeste_fpga_vitis/celeste_fpga/Debug/celeste_fpga.elf' is downloaded to processor 'microblaze_0'.
14:27:53 INFO  : ----------------XSDB Script----------------
connect -url tcp:127.0.0.1:3121
targets -set -filter {jtag_cable_name =~ "RealDigital Boo 887429230166A" && level==0 && jtag_device_ctx=="jsn1-0362f093-0"}
fpga -file C:/Users/dasan/Desktop/ECE385FinalProject/celeste_fpga_vitis/celeste_fpga/_ide/bitstream/mb_usb_hdmi_top.bit
targets -set -nocase -filter {name =~ "*microblaze*#0" && bscan=="USER2" }
loadhw -hw C:/Users/dasan/Desktop/ECE385FinalProject/celeste_fpga_vitis/mb_usb_hdmi_top/export/mb_usb_hdmi_top/hw/mb_usb_hdmi_top.xsa -regs
configparams mdm-detect-bscan-mask 2
targets -set -nocase -filter {name =~ "*microblaze*#0" && bscan=="USER2" }
rst -system
after 3000
targets -set -nocase -filter {name =~ "*microblaze*#0" && bscan=="USER2" }
dow C:/Users/dasan/Desktop/ECE385FinalProject/celeste_fpga_vitis/celeste_fpga/Debug/celeste_fpga.elf
----------------End of Script----------------

14:27:53 INFO  : Context for processor 'microblaze_0' is selected.
14:27:53 INFO  : 'con' command is executed.
14:27:53 INFO  : ----------------XSDB Script (After Launch)----------------
targets -set -nocase -filter {name =~ "*microblaze*#0" && bscan=="USER2" }
con
----------------End of Script----------------

14:27:53 INFO  : Disconnected from the channel tcfchan#4.
15:27:32 INFO  : Hardware specification for platform project 'mb_usb_hdmi_top' is updated.
15:27:49 INFO  : Result from executing command 'getProjects': mb_usb_hdmi_top
15:27:49 INFO  : Result from executing command 'getPlatforms': mb_usb_hdmi_top|C:/Users/dasan/Desktop/ECE385FinalProject/celeste_fpga_vitis/mb_usb_hdmi_top/export/mb_usb_hdmi_top/mb_usb_hdmi_top.xpfm
15:27:49 INFO  : Checking for BSP changes to sync application flags for project 'celeste_fpga'...
15:27:52 INFO  : The hardware specification used by project 'celeste_fpga' is out of sync with the platform. Resource files extracted from the hardware specification will be updated.
15:27:52 INFO  : The file 'C:\Users\dasan\Desktop\ECE385FinalProject\celeste_fpga_vitis\celeste_fpga\_ide\bitstream\mb_usb_hdmi_top.bit' stored in project is removed.
15:27:52 INFO  : The file 'C:\Users\dasan\Desktop\ECE385FinalProject\celeste_fpga_vitis\celeste_fpga\_ide\bitstream\mb_usb_hdmi_top.mmi' stored in project is removed.
15:27:52 INFO  : The updated bitstream files are copied from platform to folder 'C:\Users\dasan\Desktop\ECE385FinalProject\celeste_fpga_vitis\celeste_fpga\_ide\bitstream' in project 'celeste_fpga'.
15:28:21 INFO  : Connected to target on host '127.0.0.1' and port '3121'.
15:28:21 INFO  : Jtag cable 'RealDigital Boo 887429230166A' is selected.
15:28:21 INFO  : 'jtag frequency' command is executed.
15:28:21 INFO  : 'targets -set -filter {jtag_cable_name =~ "RealDigital Boo 887429230166A" && level==0 && jtag_device_ctx=="jsn1-0362f093-0"}' command is executed.
15:28:22 INFO  : Device configured successfully with "C:/Users/dasan/Desktop/ECE385FinalProject/celeste_fpga_vitis/celeste_fpga/_ide/bitstream/mb_usb_hdmi_top.bit"
15:28:22 INFO  : Context for processor 'microblaze_0' is selected.
15:28:22 INFO  : Hardware design and registers information is loaded from 'C:/Users/dasan/Desktop/ECE385FinalProject/celeste_fpga_vitis/mb_usb_hdmi_top/export/mb_usb_hdmi_top/hw/mb_usb_hdmi_top.xsa'.
15:28:22 INFO  : 'configparams mdm-detect-bscan-mask 2' command is executed.
15:28:22 INFO  : Context for processor 'microblaze_0' is selected.
15:28:22 INFO  : System reset is completed.
15:28:25 INFO  : 'after 3000' command is executed.
15:28:25 INFO  : Context for processor 'microblaze_0' is selected.
15:28:25 INFO  : The application 'C:/Users/dasan/Desktop/ECE385FinalProject/celeste_fpga_vitis/celeste_fpga/Debug/celeste_fpga.elf' is downloaded to processor 'microblaze_0'.
15:28:25 INFO  : ----------------XSDB Script----------------
connect -url tcp:127.0.0.1:3121
targets -set -filter {jtag_cable_name =~ "RealDigital Boo 887429230166A" && level==0 && jtag_device_ctx=="jsn1-0362f093-0"}
fpga -file C:/Users/dasan/Desktop/ECE385FinalProject/celeste_fpga_vitis/celeste_fpga/_ide/bitstream/mb_usb_hdmi_top.bit
targets -set -nocase -filter {name =~ "*microblaze*#0" && bscan=="USER2" }
loadhw -hw C:/Users/dasan/Desktop/ECE385FinalProject/celeste_fpga_vitis/mb_usb_hdmi_top/export/mb_usb_hdmi_top/hw/mb_usb_hdmi_top.xsa -regs
configparams mdm-detect-bscan-mask 2
targets -set -nocase -filter {name =~ "*microblaze*#0" && bscan=="USER2" }
rst -system
after 3000
targets -set -nocase -filter {name =~ "*microblaze*#0" && bscan=="USER2" }
dow C:/Users/dasan/Desktop/ECE385FinalProject/celeste_fpga_vitis/celeste_fpga/Debug/celeste_fpga.elf
----------------End of Script----------------

15:28:25 INFO  : Context for processor 'microblaze_0' is selected.
15:28:25 INFO  : 'con' command is executed.
15:28:25 INFO  : ----------------XSDB Script (After Launch)----------------
targets -set -nocase -filter {name =~ "*microblaze*#0" && bscan=="USER2" }
con
----------------End of Script----------------

15:28:25 INFO  : Disconnected from the channel tcfchan#6.
15:53:17 INFO  : Hardware specification for platform project 'mb_usb_hdmi_top' is updated.
15:53:34 INFO  : Result from executing command 'getProjects': mb_usb_hdmi_top
15:53:34 INFO  : Result from executing command 'getPlatforms': mb_usb_hdmi_top|C:/Users/dasan/Desktop/ECE385FinalProject/celeste_fpga_vitis/mb_usb_hdmi_top/export/mb_usb_hdmi_top/mb_usb_hdmi_top.xpfm
15:53:35 INFO  : Checking for BSP changes to sync application flags for project 'celeste_fpga'...
15:53:39 INFO  : The hardware specification used by project 'celeste_fpga' is out of sync with the platform. Resource files extracted from the hardware specification will be updated.
15:53:39 INFO  : The file 'C:\Users\dasan\Desktop\ECE385FinalProject\celeste_fpga_vitis\celeste_fpga\_ide\bitstream\mb_usb_hdmi_top.bit' stored in project is removed.
15:53:39 INFO  : The file 'C:\Users\dasan\Desktop\ECE385FinalProject\celeste_fpga_vitis\celeste_fpga\_ide\bitstream\mb_usb_hdmi_top.mmi' stored in project is removed.
15:53:39 INFO  : The updated bitstream files are copied from platform to folder 'C:\Users\dasan\Desktop\ECE385FinalProject\celeste_fpga_vitis\celeste_fpga\_ide\bitstream' in project 'celeste_fpga'.
15:54:42 INFO  : Connected to target on host '127.0.0.1' and port '3121'.
15:54:42 INFO  : Jtag cable 'RealDigital Boo 887429230166A' is selected.
15:54:42 INFO  : 'jtag frequency' command is executed.
15:54:43 INFO  : 'targets -set -filter {jtag_cable_name =~ "RealDigital Boo 887429230166A" && level==0 && jtag_device_ctx=="jsn1-0362f093-0"}' command is executed.
15:54:44 INFO  : Device configured successfully with "C:/Users/dasan/Desktop/ECE385FinalProject/celeste_fpga_vitis/celeste_fpga/_ide/bitstream/mb_usb_hdmi_top.bit"
15:54:44 INFO  : Context for processor 'microblaze_0' is selected.
15:54:44 INFO  : Hardware design and registers information is loaded from 'C:/Users/dasan/Desktop/ECE385FinalProject/celeste_fpga_vitis/mb_usb_hdmi_top/export/mb_usb_hdmi_top/hw/mb_usb_hdmi_top.xsa'.
15:54:44 INFO  : 'configparams mdm-detect-bscan-mask 2' command is executed.
15:54:44 INFO  : Context for processor 'microblaze_0' is selected.
15:54:44 INFO  : System reset is completed.
15:54:47 INFO  : 'after 3000' command is executed.
15:54:47 INFO  : Context for processor 'microblaze_0' is selected.
15:54:47 INFO  : The application 'C:/Users/dasan/Desktop/ECE385FinalProject/celeste_fpga_vitis/celeste_fpga/Debug/celeste_fpga.elf' is downloaded to processor 'microblaze_0'.
15:54:47 INFO  : ----------------XSDB Script----------------
connect -url tcp:127.0.0.1:3121
targets -set -filter {jtag_cable_name =~ "RealDigital Boo 887429230166A" && level==0 && jtag_device_ctx=="jsn1-0362f093-0"}
fpga -file C:/Users/dasan/Desktop/ECE385FinalProject/celeste_fpga_vitis/celeste_fpga/_ide/bitstream/mb_usb_hdmi_top.bit
targets -set -nocase -filter {name =~ "*microblaze*#0" && bscan=="USER2" }
loadhw -hw C:/Users/dasan/Desktop/ECE385FinalProject/celeste_fpga_vitis/mb_usb_hdmi_top/export/mb_usb_hdmi_top/hw/mb_usb_hdmi_top.xsa -regs
configparams mdm-detect-bscan-mask 2
targets -set -nocase -filter {name =~ "*microblaze*#0" && bscan=="USER2" }
rst -system
after 3000
targets -set -nocase -filter {name =~ "*microblaze*#0" && bscan=="USER2" }
dow C:/Users/dasan/Desktop/ECE385FinalProject/celeste_fpga_vitis/celeste_fpga/Debug/celeste_fpga.elf
----------------End of Script----------------

15:54:47 INFO  : Context for processor 'microblaze_0' is selected.
15:54:47 INFO  : 'con' command is executed.
15:54:47 INFO  : ----------------XSDB Script (After Launch)----------------
targets -set -nocase -filter {name =~ "*microblaze*#0" && bscan=="USER2" }
con
----------------End of Script----------------

15:54:48 INFO  : Disconnected from the channel tcfchan#8.
16:16:13 INFO  : Hardware specification for platform project 'mb_usb_hdmi_top' is updated.
16:16:31 INFO  : Result from executing command 'getProjects': mb_usb_hdmi_top
16:16:31 INFO  : Result from executing command 'getPlatforms': mb_usb_hdmi_top|C:/Users/dasan/Desktop/ECE385FinalProject/celeste_fpga_vitis/mb_usb_hdmi_top/export/mb_usb_hdmi_top/mb_usb_hdmi_top.xpfm
16:16:31 INFO  : Checking for BSP changes to sync application flags for project 'celeste_fpga'...
16:16:36 INFO  : The hardware specification used by project 'celeste_fpga' is out of sync with the platform. Resource files extracted from the hardware specification will be updated.
16:16:36 INFO  : The file 'C:\Users\dasan\Desktop\ECE385FinalProject\celeste_fpga_vitis\celeste_fpga\_ide\bitstream\mb_usb_hdmi_top.bit' stored in project is removed.
16:16:36 INFO  : The file 'C:\Users\dasan\Desktop\ECE385FinalProject\celeste_fpga_vitis\celeste_fpga\_ide\bitstream\mb_usb_hdmi_top.mmi' stored in project is removed.
16:16:36 INFO  : The updated bitstream files are copied from platform to folder 'C:\Users\dasan\Desktop\ECE385FinalProject\celeste_fpga_vitis\celeste_fpga\_ide\bitstream' in project 'celeste_fpga'.
16:16:53 INFO  : Connected to target on host '127.0.0.1' and port '3121'.
16:16:54 INFO  : Jtag cable 'RealDigital Boo 887429230166A' is selected.
16:16:54 INFO  : 'jtag frequency' command is executed.
16:16:54 INFO  : 'targets -set -filter {jtag_cable_name =~ "RealDigital Boo 887429230166A" && level==0 && jtag_device_ctx=="jsn1-0362f093-0"}' command is executed.
16:16:55 INFO  : Device configured successfully with "C:/Users/dasan/Desktop/ECE385FinalProject/celeste_fpga_vitis/celeste_fpga/_ide/bitstream/mb_usb_hdmi_top.bit"
16:16:55 INFO  : Context for processor 'microblaze_0' is selected.
16:16:55 INFO  : Hardware design and registers information is loaded from 'C:/Users/dasan/Desktop/ECE385FinalProject/celeste_fpga_vitis/mb_usb_hdmi_top/export/mb_usb_hdmi_top/hw/mb_usb_hdmi_top.xsa'.
16:16:55 INFO  : 'configparams mdm-detect-bscan-mask 2' command is executed.
16:16:55 INFO  : Context for processor 'microblaze_0' is selected.
16:16:55 INFO  : System reset is completed.
16:16:58 INFO  : 'after 3000' command is executed.
16:16:58 INFO  : Context for processor 'microblaze_0' is selected.
16:16:59 INFO  : The application 'C:/Users/dasan/Desktop/ECE385FinalProject/celeste_fpga_vitis/celeste_fpga/Debug/celeste_fpga.elf' is downloaded to processor 'microblaze_0'.
16:16:59 INFO  : ----------------XSDB Script----------------
connect -url tcp:127.0.0.1:3121
targets -set -filter {jtag_cable_name =~ "RealDigital Boo 887429230166A" && level==0 && jtag_device_ctx=="jsn1-0362f093-0"}
fpga -file C:/Users/dasan/Desktop/ECE385FinalProject/celeste_fpga_vitis/celeste_fpga/_ide/bitstream/mb_usb_hdmi_top.bit
targets -set -nocase -filter {name =~ "*microblaze*#0" && bscan=="USER2" }
loadhw -hw C:/Users/dasan/Desktop/ECE385FinalProject/celeste_fpga_vitis/mb_usb_hdmi_top/export/mb_usb_hdmi_top/hw/mb_usb_hdmi_top.xsa -regs
configparams mdm-detect-bscan-mask 2
targets -set -nocase -filter {name =~ "*microblaze*#0" && bscan=="USER2" }
rst -system
after 3000
targets -set -nocase -filter {name =~ "*microblaze*#0" && bscan=="USER2" }
dow C:/Users/dasan/Desktop/ECE385FinalProject/celeste_fpga_vitis/celeste_fpga/Debug/celeste_fpga.elf
----------------End of Script----------------

16:16:59 INFO  : Context for processor 'microblaze_0' is selected.
16:16:59 INFO  : 'con' command is executed.
16:16:59 INFO  : ----------------XSDB Script (After Launch)----------------
targets -set -nocase -filter {name =~ "*microblaze*#0" && bscan=="USER2" }
con
----------------End of Script----------------

16:16:59 INFO  : Disconnected from the channel tcfchan#10.
16:26:06 INFO  : Hardware specification for platform project 'mb_usb_hdmi_top' is updated.
16:26:24 INFO  : Result from executing command 'getProjects': mb_usb_hdmi_top
16:26:24 INFO  : Result from executing command 'getPlatforms': mb_usb_hdmi_top|C:/Users/dasan/Desktop/ECE385FinalProject/celeste_fpga_vitis/mb_usb_hdmi_top/export/mb_usb_hdmi_top/mb_usb_hdmi_top.xpfm
16:26:24 INFO  : Checking for BSP changes to sync application flags for project 'celeste_fpga'...
16:26:28 INFO  : The hardware specification used by project 'celeste_fpga' is out of sync with the platform. Resource files extracted from the hardware specification will be updated.
16:26:28 INFO  : The file 'C:\Users\dasan\Desktop\ECE385FinalProject\celeste_fpga_vitis\celeste_fpga\_ide\bitstream\mb_usb_hdmi_top.bit' stored in project is removed.
16:26:28 INFO  : The file 'C:\Users\dasan\Desktop\ECE385FinalProject\celeste_fpga_vitis\celeste_fpga\_ide\bitstream\mb_usb_hdmi_top.mmi' stored in project is removed.
16:26:28 INFO  : The updated bitstream files are copied from platform to folder 'C:\Users\dasan\Desktop\ECE385FinalProject\celeste_fpga_vitis\celeste_fpga\_ide\bitstream' in project 'celeste_fpga'.
16:26:35 INFO  : Connected to target on host '127.0.0.1' and port '3121'.
16:26:36 INFO  : Jtag cable 'RealDigital Boo 887429230166A' is selected.
16:26:36 INFO  : 'jtag frequency' command is executed.
16:26:36 INFO  : 'targets -set -filter {jtag_cable_name =~ "RealDigital Boo 887429230166A" && level==0 && jtag_device_ctx=="jsn1-0362f093-0"}' command is executed.
16:26:37 INFO  : Device configured successfully with "C:/Users/dasan/Desktop/ECE385FinalProject/celeste_fpga_vitis/celeste_fpga/_ide/bitstream/mb_usb_hdmi_top.bit"
16:26:37 INFO  : Context for processor 'microblaze_0' is selected.
16:26:37 INFO  : Hardware design and registers information is loaded from 'C:/Users/dasan/Desktop/ECE385FinalProject/celeste_fpga_vitis/mb_usb_hdmi_top/export/mb_usb_hdmi_top/hw/mb_usb_hdmi_top.xsa'.
16:26:37 INFO  : 'configparams mdm-detect-bscan-mask 2' command is executed.
16:26:37 INFO  : Context for processor 'microblaze_0' is selected.
16:26:37 INFO  : System reset is completed.
16:26:40 INFO  : 'after 3000' command is executed.
16:26:41 INFO  : Context for processor 'microblaze_0' is selected.
16:26:41 INFO  : The application 'C:/Users/dasan/Desktop/ECE385FinalProject/celeste_fpga_vitis/celeste_fpga/Debug/celeste_fpga.elf' is downloaded to processor 'microblaze_0'.
16:26:41 INFO  : ----------------XSDB Script----------------
connect -url tcp:127.0.0.1:3121
targets -set -filter {jtag_cable_name =~ "RealDigital Boo 887429230166A" && level==0 && jtag_device_ctx=="jsn1-0362f093-0"}
fpga -file C:/Users/dasan/Desktop/ECE385FinalProject/celeste_fpga_vitis/celeste_fpga/_ide/bitstream/mb_usb_hdmi_top.bit
targets -set -nocase -filter {name =~ "*microblaze*#0" && bscan=="USER2" }
loadhw -hw C:/Users/dasan/Desktop/ECE385FinalProject/celeste_fpga_vitis/mb_usb_hdmi_top/export/mb_usb_hdmi_top/hw/mb_usb_hdmi_top.xsa -regs
configparams mdm-detect-bscan-mask 2
targets -set -nocase -filter {name =~ "*microblaze*#0" && bscan=="USER2" }
rst -system
after 3000
targets -set -nocase -filter {name =~ "*microblaze*#0" && bscan=="USER2" }
dow C:/Users/dasan/Desktop/ECE385FinalProject/celeste_fpga_vitis/celeste_fpga/Debug/celeste_fpga.elf
----------------End of Script----------------

16:26:41 INFO  : Context for processor 'microblaze_0' is selected.
16:26:41 INFO  : 'con' command is executed.
16:26:41 INFO  : ----------------XSDB Script (After Launch)----------------
targets -set -nocase -filter {name =~ "*microblaze*#0" && bscan=="USER2" }
con
----------------End of Script----------------

16:26:41 INFO  : Disconnected from the channel tcfchan#12.
23:14:14 INFO  : Connected to target on host '127.0.0.1' and port '3121'.
23:14:15 INFO  : Jtag cable 'RealDigital Boo 8874292302B2A' is selected.
23:14:15 INFO  : 'jtag frequency' command is executed.
23:14:15 INFO  : 'targets -set -filter {jtag_cable_name =~ "RealDigital Boo 8874292302B2A" && level==0 && jtag_device_ctx=="jsn1-0362f093-0"}' command is executed.
23:14:16 INFO  : Device configured successfully with "C:/Users/dasan/Desktop/ECE385FinalProject/celeste_fpga_vitis/celeste_fpga/_ide/bitstream/mb_usb_hdmi_top.bit"
23:14:16 INFO  : Context for processor 'microblaze_0' is selected.
23:14:16 INFO  : Hardware design and registers information is loaded from 'C:/Users/dasan/Desktop/ECE385FinalProject/celeste_fpga_vitis/mb_usb_hdmi_top/export/mb_usb_hdmi_top/hw/mb_usb_hdmi_top.xsa'.
23:14:16 INFO  : 'configparams mdm-detect-bscan-mask 2' command is executed.
23:14:16 INFO  : Context for processor 'microblaze_0' is selected.
23:14:16 INFO  : System reset is completed.
23:14:19 INFO  : 'after 3000' command is executed.
23:14:20 INFO  : Context for processor 'microblaze_0' is selected.
23:14:20 INFO  : The application 'C:/Users/dasan/Desktop/ECE385FinalProject/celeste_fpga_vitis/celeste_fpga/Debug/celeste_fpga.elf' is downloaded to processor 'microblaze_0'.
23:14:20 INFO  : ----------------XSDB Script----------------
connect -url tcp:127.0.0.1:3121
targets -set -filter {jtag_cable_name =~ "RealDigital Boo 8874292302B2A" && level==0 && jtag_device_ctx=="jsn1-0362f093-0"}
fpga -file C:/Users/dasan/Desktop/ECE385FinalProject/celeste_fpga_vitis/celeste_fpga/_ide/bitstream/mb_usb_hdmi_top.bit
targets -set -nocase -filter {name =~ "*microblaze*#0" && bscan=="USER2" }
loadhw -hw C:/Users/dasan/Desktop/ECE385FinalProject/celeste_fpga_vitis/mb_usb_hdmi_top/export/mb_usb_hdmi_top/hw/mb_usb_hdmi_top.xsa -regs
configparams mdm-detect-bscan-mask 2
targets -set -nocase -filter {name =~ "*microblaze*#0" && bscan=="USER2" }
rst -system
after 3000
targets -set -nocase -filter {name =~ "*microblaze*#0" && bscan=="USER2" }
dow C:/Users/dasan/Desktop/ECE385FinalProject/celeste_fpga_vitis/celeste_fpga/Debug/celeste_fpga.elf
----------------End of Script----------------

23:14:20 INFO  : Context for processor 'microblaze_0' is selected.
23:14:20 INFO  : 'con' command is executed.
23:14:20 INFO  : ----------------XSDB Script (After Launch)----------------
targets -set -nocase -filter {name =~ "*microblaze*#0" && bscan=="USER2" }
con
----------------End of Script----------------

23:14:20 INFO  : Disconnected from the channel tcfchan#13.
23:31:02 INFO  : Hardware specification for platform project 'mb_usb_hdmi_top' is updated.
23:31:30 INFO  : Result from executing command 'getProjects': mb_usb_hdmi_top
23:31:30 INFO  : Result from executing command 'getPlatforms': mb_usb_hdmi_top|C:/Users/dasan/Desktop/ECE385FinalProject/celeste_fpga_vitis/mb_usb_hdmi_top/export/mb_usb_hdmi_top/mb_usb_hdmi_top.xpfm
23:31:30 INFO  : Checking for BSP changes to sync application flags for project 'celeste_fpga'...
23:31:35 INFO  : The hardware specification used by project 'celeste_fpga' is out of sync with the platform. Resource files extracted from the hardware specification will be updated.
23:31:35 INFO  : The file 'C:\Users\dasan\Desktop\ECE385FinalProject\celeste_fpga_vitis\celeste_fpga\_ide\bitstream\mb_usb_hdmi_top.bit' stored in project is removed.
23:31:35 INFO  : The file 'C:\Users\dasan\Desktop\ECE385FinalProject\celeste_fpga_vitis\celeste_fpga\_ide\bitstream\mb_usb_hdmi_top.mmi' stored in project is removed.
23:31:36 INFO  : The updated bitstream files are copied from platform to folder 'C:\Users\dasan\Desktop\ECE385FinalProject\celeste_fpga_vitis\celeste_fpga\_ide\bitstream' in project 'celeste_fpga'.
23:32:24 INFO  : Connected to target on host '127.0.0.1' and port '3121'.
23:32:24 INFO  : Jtag cable 'RealDigital Boo 8874292302B2A' is selected.
23:32:24 INFO  : 'jtag frequency' command is executed.
23:32:24 INFO  : 'targets -set -filter {jtag_cable_name =~ "RealDigital Boo 8874292302B2A" && level==0 && jtag_device_ctx=="jsn1-0362f093-0"}' command is executed.
23:32:26 INFO  : Device configured successfully with "C:/Users/dasan/Desktop/ECE385FinalProject/celeste_fpga_vitis/celeste_fpga/_ide/bitstream/mb_usb_hdmi_top.bit"
23:32:26 INFO  : Context for processor 'microblaze_0' is selected.
23:32:26 INFO  : Hardware design and registers information is loaded from 'C:/Users/dasan/Desktop/ECE385FinalProject/celeste_fpga_vitis/mb_usb_hdmi_top/export/mb_usb_hdmi_top/hw/mb_usb_hdmi_top.xsa'.
23:32:26 INFO  : 'configparams mdm-detect-bscan-mask 2' command is executed.
23:32:26 INFO  : Context for processor 'microblaze_0' is selected.
23:32:26 INFO  : System reset is completed.
23:32:29 INFO  : 'after 3000' command is executed.
23:32:29 INFO  : Context for processor 'microblaze_0' is selected.
23:32:29 INFO  : The application 'C:/Users/dasan/Desktop/ECE385FinalProject/celeste_fpga_vitis/celeste_fpga/Debug/celeste_fpga.elf' is downloaded to processor 'microblaze_0'.
23:32:29 INFO  : ----------------XSDB Script----------------
connect -url tcp:127.0.0.1:3121
targets -set -filter {jtag_cable_name =~ "RealDigital Boo 8874292302B2A" && level==0 && jtag_device_ctx=="jsn1-0362f093-0"}
fpga -file C:/Users/dasan/Desktop/ECE385FinalProject/celeste_fpga_vitis/celeste_fpga/_ide/bitstream/mb_usb_hdmi_top.bit
targets -set -nocase -filter {name =~ "*microblaze*#0" && bscan=="USER2" }
loadhw -hw C:/Users/dasan/Desktop/ECE385FinalProject/celeste_fpga_vitis/mb_usb_hdmi_top/export/mb_usb_hdmi_top/hw/mb_usb_hdmi_top.xsa -regs
configparams mdm-detect-bscan-mask 2
targets -set -nocase -filter {name =~ "*microblaze*#0" && bscan=="USER2" }
rst -system
after 3000
targets -set -nocase -filter {name =~ "*microblaze*#0" && bscan=="USER2" }
dow C:/Users/dasan/Desktop/ECE385FinalProject/celeste_fpga_vitis/celeste_fpga/Debug/celeste_fpga.elf
----------------End of Script----------------

23:32:29 INFO  : Context for processor 'microblaze_0' is selected.
23:32:29 INFO  : 'con' command is executed.
23:32:29 INFO  : ----------------XSDB Script (After Launch)----------------
targets -set -nocase -filter {name =~ "*microblaze*#0" && bscan=="USER2" }
con
----------------End of Script----------------

23:32:29 INFO  : Disconnected from the channel tcfchan#15.
23:33:43 INFO  : Connected to target on host '127.0.0.1' and port '3121'.
23:33:44 INFO  : Jtag cable 'RealDigital Boo 8874292302B2A' is selected.
23:33:44 INFO  : 'jtag frequency' command is executed.
23:33:44 INFO  : 'targets -set -filter {jtag_cable_name =~ "RealDigital Boo 8874292302B2A" && level==0 && jtag_device_ctx=="jsn1-0362f093-0"}' command is executed.
23:33:45 INFO  : Device configured successfully with "C:/Users/dasan/Desktop/ECE385FinalProject/celeste_fpga_vitis/celeste_fpga/_ide/bitstream/mb_usb_hdmi_top.bit"
23:33:45 INFO  : Context for processor 'microblaze_0' is selected.
23:33:45 INFO  : Hardware design and registers information is loaded from 'C:/Users/dasan/Desktop/ECE385FinalProject/celeste_fpga_vitis/mb_usb_hdmi_top/export/mb_usb_hdmi_top/hw/mb_usb_hdmi_top.xsa'.
23:33:45 INFO  : 'configparams mdm-detect-bscan-mask 2' command is executed.
23:33:45 INFO  : Context for processor 'microblaze_0' is selected.
23:33:45 INFO  : System reset is completed.
23:33:48 INFO  : 'after 3000' command is executed.
23:33:49 INFO  : Context for processor 'microblaze_0' is selected.
23:33:49 INFO  : The application 'C:/Users/dasan/Desktop/ECE385FinalProject/celeste_fpga_vitis/celeste_fpga/Debug/celeste_fpga.elf' is downloaded to processor 'microblaze_0'.
23:33:49 INFO  : ----------------XSDB Script----------------
connect -url tcp:127.0.0.1:3121
targets -set -filter {jtag_cable_name =~ "RealDigital Boo 8874292302B2A" && level==0 && jtag_device_ctx=="jsn1-0362f093-0"}
fpga -file C:/Users/dasan/Desktop/ECE385FinalProject/celeste_fpga_vitis/celeste_fpga/_ide/bitstream/mb_usb_hdmi_top.bit
targets -set -nocase -filter {name =~ "*microblaze*#0" && bscan=="USER2" }
loadhw -hw C:/Users/dasan/Desktop/ECE385FinalProject/celeste_fpga_vitis/mb_usb_hdmi_top/export/mb_usb_hdmi_top/hw/mb_usb_hdmi_top.xsa -regs
configparams mdm-detect-bscan-mask 2
targets -set -nocase -filter {name =~ "*microblaze*#0" && bscan=="USER2" }
rst -system
after 3000
targets -set -nocase -filter {name =~ "*microblaze*#0" && bscan=="USER2" }
dow C:/Users/dasan/Desktop/ECE385FinalProject/celeste_fpga_vitis/celeste_fpga/Debug/celeste_fpga.elf
----------------End of Script----------------

23:33:49 INFO  : Context for processor 'microblaze_0' is selected.
23:33:49 INFO  : 'con' command is executed.
23:33:49 INFO  : ----------------XSDB Script (After Launch)----------------
targets -set -nocase -filter {name =~ "*microblaze*#0" && bscan=="USER2" }
con
----------------End of Script----------------

23:33:49 INFO  : Disconnected from the channel tcfchan#16.
00:37:18 DEBUG : Logs will be stored at 'C:/Users/dasan/Desktop/ECE385FinalProject/celeste_fpga_vitis/IDE.log'.
00:37:20 INFO  : Launching XSCT server: xsct.bat -n  -interactive C:\Users\dasan\Desktop\ECE385FinalProject\celeste_fpga_vitis\temp_xsdb_launch_script.tcl
00:37:26 INFO  : XSCT server has started successfully.
00:37:26 INFO  : plnx-install-location is set to ''
00:37:26 INFO  : Successfully done setting XSCT server connection channel  
00:37:26 INFO  : Successfully done setting workspace for the tool. 
00:37:29 INFO  : Platform repository initialization has completed.
00:37:30 INFO  : Registering command handlers for Vitis TCF services
00:37:39 INFO  : Successfully done query RDI_DATADIR 
00:38:16 INFO  : Hardware specification for platform project 'mb_usb_hdmi_top' is updated.
00:38:36 INFO  : Result from executing command 'getProjects': mb_usb_hdmi_top
00:38:36 INFO  : Result from executing command 'getPlatforms': mb_usb_hdmi_top|C:/Users/dasan/Desktop/ECE385FinalProject/celeste_fpga_vitis/mb_usb_hdmi_top/export/mb_usb_hdmi_top/mb_usb_hdmi_top.xpfm
00:38:37 INFO  : Checking for BSP changes to sync application flags for project 'celeste_fpga'...
00:38:43 INFO  : The hardware specification used by project 'celeste_fpga' is out of sync with the platform. Resource files extracted from the hardware specification will be updated.
00:38:43 INFO  : The file 'C:\Users\dasan\Desktop\ECE385FinalProject\celeste_fpga_vitis\celeste_fpga\_ide\bitstream\mb_usb_hdmi_top.bit' stored in project is removed.
00:38:43 INFO  : The file 'C:\Users\dasan\Desktop\ECE385FinalProject\celeste_fpga_vitis\celeste_fpga\_ide\bitstream\mb_usb_hdmi_top.mmi' stored in project is removed.
00:38:43 INFO  : The updated bitstream files are copied from platform to folder 'C:\Users\dasan\Desktop\ECE385FinalProject\celeste_fpga_vitis\celeste_fpga\_ide\bitstream' in project 'celeste_fpga'.
00:39:44 INFO  : Connected to target on host '127.0.0.1' and port '3121'.
00:39:44 INFO  : Jtag cable 'RealDigital Boo 8874292302B2A' is selected.
00:39:44 INFO  : 'jtag frequency' command is executed.
00:39:45 INFO  : 'targets -set -filter {jtag_cable_name =~ "RealDigital Boo 8874292302B2A" && level==0 && jtag_device_ctx=="jsn1-0362f093-0"}' command is executed.
00:39:46 INFO  : Device configured successfully with "C:/Users/dasan/Desktop/ECE385FinalProject/celeste_fpga_vitis/celeste_fpga/_ide/bitstream/mb_usb_hdmi_top.bit"
00:39:46 INFO  : Context for processor 'microblaze_0' is selected.
00:39:46 INFO  : Hardware design and registers information is loaded from 'C:/Users/dasan/Desktop/ECE385FinalProject/celeste_fpga_vitis/mb_usb_hdmi_top/export/mb_usb_hdmi_top/hw/mb_usb_hdmi_top.xsa'.
00:39:46 INFO  : 'configparams mdm-detect-bscan-mask 2' command is executed.
00:39:47 INFO  : Context for processor 'microblaze_0' is selected.
00:39:47 INFO  : System reset is completed.
00:39:50 INFO  : 'after 3000' command is executed.
00:39:50 INFO  : Context for processor 'microblaze_0' is selected.
00:39:50 INFO  : The application 'C:/Users/dasan/Desktop/ECE385FinalProject/celeste_fpga_vitis/celeste_fpga/Debug/celeste_fpga.elf' is downloaded to processor 'microblaze_0'.
00:39:50 INFO  : ----------------XSDB Script----------------
connect -url tcp:127.0.0.1:3121
targets -set -filter {jtag_cable_name =~ "RealDigital Boo 8874292302B2A" && level==0 && jtag_device_ctx=="jsn1-0362f093-0"}
fpga -file C:/Users/dasan/Desktop/ECE385FinalProject/celeste_fpga_vitis/celeste_fpga/_ide/bitstream/mb_usb_hdmi_top.bit
targets -set -nocase -filter {name =~ "*microblaze*#0" && bscan=="USER2" }
loadhw -hw C:/Users/dasan/Desktop/ECE385FinalProject/celeste_fpga_vitis/mb_usb_hdmi_top/export/mb_usb_hdmi_top/hw/mb_usb_hdmi_top.xsa -regs
configparams mdm-detect-bscan-mask 2
targets -set -nocase -filter {name =~ "*microblaze*#0" && bscan=="USER2" }
rst -system
after 3000
targets -set -nocase -filter {name =~ "*microblaze*#0" && bscan=="USER2" }
dow C:/Users/dasan/Desktop/ECE385FinalProject/celeste_fpga_vitis/celeste_fpga/Debug/celeste_fpga.elf
----------------End of Script----------------

00:39:50 INFO  : Context for processor 'microblaze_0' is selected.
00:39:50 INFO  : 'con' command is executed.
00:39:50 INFO  : ----------------XSDB Script (After Launch)----------------
targets -set -nocase -filter {name =~ "*microblaze*#0" && bscan=="USER2" }
con
----------------End of Script----------------

00:39:50 INFO  : Disconnected from the channel tcfchan#2.
00:40:43 INFO  : Connected to target on host '127.0.0.1' and port '3121'.
00:40:44 INFO  : Jtag cable 'RealDigital Boo 8874292302B2A' is selected.
00:40:44 INFO  : 'jtag frequency' command is executed.
00:40:44 INFO  : 'targets -set -filter {jtag_cable_name =~ "RealDigital Boo 8874292302B2A" && level==0 && jtag_device_ctx=="jsn1-0362f093-0"}' command is executed.
00:40:45 INFO  : Device configured successfully with "C:/Users/dasan/Desktop/ECE385FinalProject/celeste_fpga_vitis/celeste_fpga/_ide/bitstream/mb_usb_hdmi_top.bit"
00:40:45 INFO  : Context for processor 'microblaze_0' is selected.
00:40:45 INFO  : Hardware design and registers information is loaded from 'C:/Users/dasan/Desktop/ECE385FinalProject/celeste_fpga_vitis/mb_usb_hdmi_top/export/mb_usb_hdmi_top/hw/mb_usb_hdmi_top.xsa'.
00:40:45 INFO  : 'configparams mdm-detect-bscan-mask 2' command is executed.
00:40:45 INFO  : Context for processor 'microblaze_0' is selected.
00:40:45 INFO  : System reset is completed.
00:40:48 INFO  : 'after 3000' command is executed.
00:40:49 INFO  : Context for processor 'microblaze_0' is selected.
00:40:49 INFO  : The application 'C:/Users/dasan/Desktop/ECE385FinalProject/celeste_fpga_vitis/celeste_fpga/Debug/celeste_fpga.elf' is downloaded to processor 'microblaze_0'.
00:40:49 INFO  : ----------------XSDB Script----------------
connect -url tcp:127.0.0.1:3121
targets -set -filter {jtag_cable_name =~ "RealDigital Boo 8874292302B2A" && level==0 && jtag_device_ctx=="jsn1-0362f093-0"}
fpga -file C:/Users/dasan/Desktop/ECE385FinalProject/celeste_fpga_vitis/celeste_fpga/_ide/bitstream/mb_usb_hdmi_top.bit
targets -set -nocase -filter {name =~ "*microblaze*#0" && bscan=="USER2" }
loadhw -hw C:/Users/dasan/Desktop/ECE385FinalProject/celeste_fpga_vitis/mb_usb_hdmi_top/export/mb_usb_hdmi_top/hw/mb_usb_hdmi_top.xsa -regs
configparams mdm-detect-bscan-mask 2
targets -set -nocase -filter {name =~ "*microblaze*#0" && bscan=="USER2" }
rst -system
after 3000
targets -set -nocase -filter {name =~ "*microblaze*#0" && bscan=="USER2" }
dow C:/Users/dasan/Desktop/ECE385FinalProject/celeste_fpga_vitis/celeste_fpga/Debug/celeste_fpga.elf
----------------End of Script----------------

00:40:49 INFO  : Context for processor 'microblaze_0' is selected.
00:40:49 INFO  : 'con' command is executed.
00:40:49 INFO  : ----------------XSDB Script (After Launch)----------------
targets -set -nocase -filter {name =~ "*microblaze*#0" && bscan=="USER2" }
con
----------------End of Script----------------

00:40:49 INFO  : Disconnected from the channel tcfchan#3.
